2023-02-03 at 15:52:13 CST DEBUG org.springframework.context.support.AbstractApplicationContext 630 prepareRefresh - Refreshing org.springframework.context.support.ClassPathXmlApplicationContext@54d18072
2023-02-03 at 15:52:14 CST DEBUG org.springframework.beans.factory.xml.XmlBeanDefinitionReader 393 doLoadBeanDefinitions - Loaded 1 bean definitions from class path resource [bean.xml]
2023-02-03 at 15:52:14 CST DEBUG org.springframework.beans.factory.support.DefaultSingletonBeanRegistry 225 getSingleton - Creating shared instance of singleton bean 'user'
2023-02-03 at 15:52:14 CST DEBUG com.wsy.user.controller.UserControllerTest 30 testUserObject - ---执行成功---
2023-02-03 at 16:10:20 CST DEBUG org.springframework.context.support.AbstractApplicationContext 630 prepareRefresh - Refreshing org.springframework.context.support.ClassPathXmlApplicationContext@54d18072
2023-02-03 at 16:10:20 CST DEBUG org.springframework.beans.factory.xml.XmlBeanDefinitionReader 393 doLoadBeanDefinitions - Loaded 1 bean definitions from class path resource [bean.xml]
2023-02-03 at 16:10:20 CST DEBUG org.springframework.beans.factory.support.DefaultSingletonBeanRegistry 225 getSingleton - Creating shared instance of singleton bean 'user'
2023-02-03 at 16:10:20 CST DEBUG com.wsy.user.controller.UserControllerTest 30 testUserObject - ---执行成功---
2023-02-06 at 16:22:22 CST DEBUG org.springframework.context.support.AbstractApplicationContext 630 prepareRefresh - Refreshing org.springframework.context.support.ClassPathXmlApplicationContext@2e32ccc5
2023-02-06 at 16:22:24 CST DEBUG org.springframework.beans.factory.xml.XmlBeanDefinitionReader 393 doLoadBeanDefinitions - Loaded 1 bean definitions from class path resource [bean.xml]
2023-02-06 at 16:22:24 CST DEBUG org.springframework.beans.factory.support.DefaultSingletonBeanRegistry 225 getSingleton - Creating shared instance of singleton bean 'user'
2023-02-06 at 16:23:06 CST DEBUG org.springframework.context.support.AbstractApplicationContext 630 prepareRefresh - Refreshing org.springframework.context.support.ClassPathXmlApplicationContext@6692b6c6
2023-02-06 at 16:23:07 CST DEBUG org.springframework.beans.factory.xml.XmlBeanDefinitionReader 393 doLoadBeanDefinitions - Loaded 1 bean definitions from class path resource [bean.xml]
2023-02-06 at 16:23:07 CST DEBUG org.springframework.beans.factory.support.DefaultSingletonBeanRegistry 225 getSingleton - Creating shared instance of singleton bean 'user'
2023-02-06 at 16:29:21 CST DEBUG org.springframework.context.support.AbstractApplicationContext 630 prepareRefresh - Refreshing org.springframework.context.support.ClassPathXmlApplicationContext@6692b6c6
2023-02-06 at 16:29:21 CST DEBUG org.springframework.beans.factory.xml.XmlBeanDefinitionReader 393 doLoadBeanDefinitions - Loaded 1 bean definitions from class path resource [bean.xml]
2023-02-06 at 16:29:21 CST DEBUG org.springframework.beans.factory.support.DefaultSingletonBeanRegistry 225 getSingleton - Creating shared instance of singleton bean 'user'
2023-02-06 at 16:30:54 CST DEBUG org.springframework.context.support.AbstractApplicationContext 630 prepareRefresh - Refreshing org.springframework.context.support.ClassPathXmlApplicationContext@6692b6c6
2023-02-06 at 16:30:54 CST DEBUG org.springframework.beans.factory.xml.XmlBeanDefinitionReader 393 doLoadBeanDefinitions - Loaded 1 bean definitions from class path resource [bean.xml]
2023-02-06 at 16:30:54 CST DEBUG org.springframework.beans.factory.support.DefaultSingletonBeanRegistry 225 getSingleton - Creating shared instance of singleton bean 'user'
2023-02-06 at 16:48:10 CST DEBUG org.springframework.context.support.AbstractApplicationContext 630 prepareRefresh - Refreshing org.springframework.context.support.ClassPathXmlApplicationContext@6692b6c6
2023-02-06 at 16:48:10 CST DEBUG org.springframework.beans.factory.xml.XmlBeanDefinitionReader 393 doLoadBeanDefinitions - Loaded 2 bean definitions from class path resource [bean.xml]
2023-02-06 at 16:48:10 CST DEBUG org.springframework.beans.factory.support.DefaultSingletonBeanRegistry 225 getSingleton - Creating shared instance of singleton bean 'user'
2023-02-06 at 16:48:10 CST DEBUG org.springframework.beans.factory.support.DefaultSingletonBeanRegistry 225 getSingleton - Creating shared instance of singleton bean 'userServiceImpl'
2023-02-06 at 16:51:33 CST DEBUG org.springframework.context.support.AbstractApplicationContext 630 prepareRefresh - Refreshing org.springframework.context.support.ClassPathXmlApplicationContext@6692b6c6
2023-02-06 at 16:51:33 CST DEBUG org.springframework.beans.factory.xml.XmlBeanDefinitionReader 393 doLoadBeanDefinitions - Loaded 2 bean definitions from class path resource [bean.xml]
2023-02-06 at 16:51:33 CST DEBUG org.springframework.beans.factory.support.DefaultSingletonBeanRegistry 225 getSingleton - Creating shared instance of singleton bean 'user'
2023-02-06 at 16:51:33 CST DEBUG org.springframework.beans.factory.support.DefaultSingletonBeanRegistry 225 getSingleton - Creating shared instance of singleton bean 'userServiceImpl'
2023-02-06 at 17:17:32 CST DEBUG org.springframework.context.support.AbstractApplicationContext 630 prepareRefresh - Refreshing org.springframework.context.support.ClassPathXmlApplicationContext@7e7b159b
2023-02-06 at 17:17:32 CST DEBUG org.springframework.beans.factory.xml.XmlBeanDefinitionReader 393 doLoadBeanDefinitions - Loaded 1 bean definitions from class path resource [bean-di.xml]
2023-02-06 at 17:17:32 CST DEBUG org.springframework.beans.factory.support.DefaultSingletonBeanRegistry 225 getSingleton - Creating shared instance of singleton bean 'book'
2023-02-06 at 17:23:48 CST DEBUG org.springframework.context.support.AbstractApplicationContext 630 prepareRefresh - Refreshing org.springframework.context.support.ClassPathXmlApplicationContext@4218500f
2023-02-06 at 17:23:48 CST DEBUG org.springframework.beans.factory.xml.XmlBeanDefinitionReader 393 doLoadBeanDefinitions - Loaded 2 bean definitions from class path resource [bean-di.xml]
2023-02-06 at 17:23:48 CST DEBUG org.springframework.beans.factory.support.DefaultSingletonBeanRegistry 225 getSingleton - Creating shared instance of singleton bean 'book'
2023-02-06 at 17:23:48 CST DEBUG org.springframework.beans.factory.support.DefaultSingletonBeanRegistry 225 getSingleton - Creating shared instance of singleton bean 'bookCon'
2023-02-06 at 17:23:48 CST WARN  org.springframework.core.LocalVariableTableParameterNameDiscoverer 123 inspectClass - Using deprecated '-debug' fallback for parameter name resolution. Compile the affected code with '-parameters' instead or avoid its introspection: com.wsy.user.di.Book
2023-02-06 at 17:25:24 CST DEBUG org.springframework.context.support.AbstractApplicationContext 630 prepareRefresh - Refreshing org.springframework.context.support.ClassPathXmlApplicationContext@4218500f
2023-02-06 at 17:25:24 CST DEBUG org.springframework.beans.factory.xml.XmlBeanDefinitionReader 393 doLoadBeanDefinitions - Loaded 2 bean definitions from class path resource [bean-di.xml]
2023-02-06 at 17:25:24 CST DEBUG org.springframework.beans.factory.support.DefaultSingletonBeanRegistry 225 getSingleton - Creating shared instance of singleton bean 'book'
2023-02-06 at 17:25:24 CST DEBUG org.springframework.beans.factory.support.DefaultSingletonBeanRegistry 225 getSingleton - Creating shared instance of singleton bean 'bookCon'
2023-02-06 at 17:25:24 CST WARN  org.springframework.core.LocalVariableTableParameterNameDiscoverer 123 inspectClass - Using deprecated '-debug' fallback for parameter name resolution. Compile the affected code with '-parameters' instead or avoid its introspection: com.wsy.user.di.Book
2023-02-07 at 11:28:03 CST DEBUG org.springframework.context.support.AbstractApplicationContext 630 prepareRefresh - Refreshing org.springframework.context.support.ClassPathXmlApplicationContext@37efd131
2023-02-07 at 11:28:03 CST DEBUG org.springframework.beans.factory.xml.XmlBeanDefinitionReader 393 doLoadBeanDefinitions - Loaded 2 bean definitions from class path resource [bean-di.xml]
2023-02-07 at 11:28:03 CST DEBUG org.springframework.beans.factory.support.DefaultSingletonBeanRegistry 225 getSingleton - Creating shared instance of singleton bean 'book'
2023-02-07 at 11:28:03 CST DEBUG org.springframework.beans.factory.support.DefaultSingletonBeanRegistry 225 getSingleton - Creating shared instance of singleton bean 'bookCon'
2023-02-07 at 11:28:03 CST WARN  org.springframework.core.LocalVariableTableParameterNameDiscoverer 123 inspectClass - Using deprecated '-debug' fallback for parameter name resolution. Compile the affected code with '-parameters' instead or avoid its introspection: com.wsy.user.di.Book
2023-02-07 at 11:29:16 CST DEBUG org.springframework.context.support.AbstractApplicationContext 630 prepareRefresh - Refreshing org.springframework.context.support.ClassPathXmlApplicationContext@4bff64c2
2023-02-07 at 11:29:51 CST DEBUG org.springframework.context.support.AbstractApplicationContext 630 prepareRefresh - Refreshing org.springframework.context.support.ClassPathXmlApplicationContext@4bff64c2
2023-02-07 at 11:29:51 CST DEBUG org.springframework.beans.factory.xml.XmlBeanDefinitionReader 393 doLoadBeanDefinitions - Loaded 2 bean definitions from class path resource [bean-di.xml]
2023-02-07 at 11:29:51 CST DEBUG org.springframework.beans.factory.support.DefaultSingletonBeanRegistry 225 getSingleton - Creating shared instance of singleton bean 'book'
2023-02-07 at 11:29:51 CST DEBUG org.springframework.beans.factory.support.DefaultSingletonBeanRegistry 225 getSingleton - Creating shared instance of singleton bean 'bookCon'
2023-02-07 at 11:29:51 CST WARN  org.springframework.core.LocalVariableTableParameterNameDiscoverer 123 inspectClass - Using deprecated '-debug' fallback for parameter name resolution. Compile the affected code with '-parameters' instead or avoid its introspection: com.wsy.user.di.Book
2023-02-07 at 11:32:19 CST DEBUG org.springframework.context.support.AbstractApplicationContext 630 prepareRefresh - Refreshing org.springframework.context.support.ClassPathXmlApplicationContext@4bff64c2
2023-02-07 at 11:32:19 CST DEBUG org.springframework.beans.factory.xml.XmlBeanDefinitionReader 393 doLoadBeanDefinitions - Loaded 2 bean definitions from class path resource [bean-di.xml]
2023-02-07 at 11:32:19 CST DEBUG org.springframework.beans.factory.support.DefaultSingletonBeanRegistry 225 getSingleton - Creating shared instance of singleton bean 'book'
2023-02-07 at 11:32:19 CST DEBUG org.springframework.beans.factory.support.DefaultSingletonBeanRegistry 225 getSingleton - Creating shared instance of singleton bean 'bookCon'
2023-02-07 at 11:32:19 CST WARN  org.springframework.core.LocalVariableTableParameterNameDiscoverer 123 inspectClass - Using deprecated '-debug' fallback for parameter name resolution. Compile the affected code with '-parameters' instead or avoid its introspection: com.wsy.user.di.Book
2023-02-07 at 17:51:44 CST DEBUG org.springframework.context.support.AbstractApplicationContext 630 prepareRefresh - Refreshing org.springframework.context.support.ClassPathXmlApplicationContext@407a7f2a
2023-02-07 at 17:51:44 CST DEBUG org.springframework.beans.factory.xml.XmlBeanDefinitionReader 393 doLoadBeanDefinitions - Loaded 2 bean definitions from class path resource [bean-system.xml]
2023-02-07 at 17:51:44 CST DEBUG org.springframework.beans.factory.support.DefaultSingletonBeanRegistry 225 getSingleton - Creating shared instance of singleton bean 'dept'
2023-02-07 at 17:51:44 CST DEBUG org.springframework.beans.factory.support.DefaultSingletonBeanRegistry 225 getSingleton - Creating shared instance of singleton bean 'emp'
2023-02-07 at 17:52:26 CST DEBUG org.springframework.context.support.AbstractApplicationContext 630 prepareRefresh - Refreshing org.springframework.context.support.ClassPathXmlApplicationContext@6692b6c6
2023-02-07 at 17:52:26 CST DEBUG org.springframework.beans.factory.xml.XmlBeanDefinitionReader 393 doLoadBeanDefinitions - Loaded 2 bean definitions from class path resource [bean-system.xml]
2023-02-07 at 17:52:26 CST DEBUG org.springframework.beans.factory.support.DefaultSingletonBeanRegistry 225 getSingleton - Creating shared instance of singleton bean 'dept'
2023-02-07 at 17:52:26 CST DEBUG org.springframework.beans.factory.support.DefaultSingletonBeanRegistry 225 getSingleton - Creating shared instance of singleton bean 'emp'
2023-02-07 at 17:59:22 CST DEBUG org.springframework.context.support.AbstractApplicationContext 630 prepareRefresh - Refreshing org.springframework.context.support.ClassPathXmlApplicationContext@6692b6c6
2023-02-07 at 17:59:23 CST DEBUG org.springframework.beans.factory.xml.XmlBeanDefinitionReader 393 doLoadBeanDefinitions - Loaded 3 bean definitions from class path resource [bean-system.xml]
2023-02-07 at 17:59:23 CST DEBUG org.springframework.beans.factory.support.DefaultSingletonBeanRegistry 225 getSingleton - Creating shared instance of singleton bean 'dept'
2023-02-07 at 17:59:23 CST DEBUG org.springframework.beans.factory.support.DefaultSingletonBeanRegistry 225 getSingleton - Creating shared instance of singleton bean 'emp'
2023-02-07 at 17:59:23 CST DEBUG org.springframework.beans.factory.support.DefaultSingletonBeanRegistry 225 getSingleton - Creating shared instance of singleton bean 'emp2'
2023-02-07 at 18:02:38 CST DEBUG org.springframework.context.support.AbstractApplicationContext 630 prepareRefresh - Refreshing org.springframework.context.support.ClassPathXmlApplicationContext@6692b6c6
2023-02-07 at 18:02:38 CST DEBUG org.springframework.beans.factory.xml.XmlBeanDefinitionReader 393 doLoadBeanDefinitions - Loaded 5 bean definitions from class path resource [bean-system.xml]
2023-02-07 at 18:02:38 CST DEBUG org.springframework.beans.factory.support.DefaultSingletonBeanRegistry 225 getSingleton - Creating shared instance of singleton bean 'dept'
2023-02-07 at 18:02:38 CST DEBUG org.springframework.beans.factory.support.DefaultSingletonBeanRegistry 225 getSingleton - Creating shared instance of singleton bean 'emp'
2023-02-07 at 18:02:38 CST DEBUG org.springframework.beans.factory.support.DefaultSingletonBeanRegistry 225 getSingleton - Creating shared instance of singleton bean 'emp2'
2023-02-07 at 18:02:38 CST DEBUG org.springframework.beans.factory.support.DefaultSingletonBeanRegistry 225 getSingleton - Creating shared instance of singleton bean 'dept3'
2023-02-07 at 18:02:38 CST DEBUG org.springframework.beans.factory.support.DefaultSingletonBeanRegistry 225 getSingleton - Creating shared instance of singleton bean 'emp3'
2023-02-07 at 18:02:53 CST DEBUG org.springframework.context.support.AbstractApplicationContext 630 prepareRefresh - Refreshing org.springframework.context.support.ClassPathXmlApplicationContext@6692b6c6
2023-02-07 at 18:02:53 CST DEBUG org.springframework.beans.factory.xml.XmlBeanDefinitionReader 393 doLoadBeanDefinitions - Loaded 5 bean definitions from class path resource [bean-system.xml]
2023-02-07 at 18:02:53 CST DEBUG org.springframework.beans.factory.support.DefaultSingletonBeanRegistry 225 getSingleton - Creating shared instance of singleton bean 'dept'
2023-02-07 at 18:02:53 CST DEBUG org.springframework.beans.factory.support.DefaultSingletonBeanRegistry 225 getSingleton - Creating shared instance of singleton bean 'emp'
2023-02-07 at 18:02:53 CST DEBUG org.springframework.beans.factory.support.DefaultSingletonBeanRegistry 225 getSingleton - Creating shared instance of singleton bean 'emp2'
2023-02-07 at 18:02:53 CST DEBUG org.springframework.beans.factory.support.DefaultSingletonBeanRegistry 225 getSingleton - Creating shared instance of singleton bean 'dept3'
2023-02-07 at 18:02:53 CST DEBUG org.springframework.beans.factory.support.DefaultSingletonBeanRegistry 225 getSingleton - Creating shared instance of singleton bean 'emp3'
2023-02-07 at 18:08:50 CST DEBUG org.springframework.context.support.AbstractApplicationContext 630 prepareRefresh - Refreshing org.springframework.context.support.ClassPathXmlApplicationContext@6692b6c6
2023-02-07 at 18:08:50 CST DEBUG org.springframework.beans.factory.xml.XmlBeanDefinitionReader 393 doLoadBeanDefinitions - Loaded 5 bean definitions from class path resource [bean-system-array.xml]
2023-02-07 at 18:08:50 CST DEBUG org.springframework.beans.factory.support.DefaultSingletonBeanRegistry 225 getSingleton - Creating shared instance of singleton bean 'dept'
2023-02-07 at 18:08:50 CST DEBUG org.springframework.beans.factory.support.DefaultSingletonBeanRegistry 225 getSingleton - Creating shared instance of singleton bean 'emp'
2023-02-07 at 18:08:50 CST DEBUG org.springframework.beans.factory.support.DefaultSingletonBeanRegistry 225 getSingleton - Creating shared instance of singleton bean 'emp2'
2023-02-07 at 18:08:50 CST DEBUG org.springframework.beans.factory.support.DefaultSingletonBeanRegistry 225 getSingleton - Creating shared instance of singleton bean 'dept3'
2023-02-07 at 18:08:50 CST DEBUG org.springframework.beans.factory.support.DefaultSingletonBeanRegistry 225 getSingleton - Creating shared instance of singleton bean 'emp3'
2023-02-07 at 18:14:18 CST DEBUG org.springframework.context.support.AbstractApplicationContext 630 prepareRefresh - Refreshing org.springframework.context.support.ClassPathXmlApplicationContext@6692b6c6
2023-02-07 at 18:14:18 CST DEBUG org.springframework.beans.factory.xml.XmlBeanDefinitionReader 393 doLoadBeanDefinitions - Loaded 2 bean definitions from class path resource [bean-system-array.xml]
2023-02-07 at 18:14:18 CST DEBUG org.springframework.beans.factory.support.DefaultSingletonBeanRegistry 225 getSingleton - Creating shared instance of singleton bean 'dept'
2023-02-07 at 18:14:18 CST WARN  org.springframework.context.support.AbstractApplicationContext 592 refresh - Exception encountered during context initialization - cancelling refresh attempt: org.springframework.beans.factory.BeanCreationException: Error creating bean with name 'dept' defined in class path resource [bean-system-array.xml]: Failed to convert property value of type 'java.util.ArrayList' to required type 'java.util.List' for property 'empList'; Cannot convert value of type 'java.lang.String' to required type 'com.wsy.system.entity.Emp' for property 'empList[0]': no matching editors or conversion strategy found
2023-02-07 at 18:19:39 CST DEBUG org.springframework.context.support.AbstractApplicationContext 630 prepareRefresh - Refreshing org.springframework.context.support.ClassPathXmlApplicationContext@6692b6c6
2023-02-07 at 18:19:39 CST DEBUG org.springframework.beans.factory.xml.XmlBeanDefinitionReader 393 doLoadBeanDefinitions - Loaded 3 bean definitions from class path resource [bean-system-list.xml]
2023-02-07 at 18:19:39 CST DEBUG org.springframework.beans.factory.support.DefaultSingletonBeanRegistry 225 getSingleton - Creating shared instance of singleton bean 'dept'
2023-02-07 at 18:19:39 CST DEBUG org.springframework.beans.factory.support.DefaultSingletonBeanRegistry 225 getSingleton - Creating shared instance of singleton bean 'emp'
2023-02-07 at 18:19:39 CST DEBUG org.springframework.beans.factory.support.DefaultSingletonBeanRegistry 225 getSingleton - Creating shared instance of singleton bean 'emp2'
2023-02-07 at 18:30:53 CST DEBUG org.springframework.context.support.AbstractApplicationContext 630 prepareRefresh - Refreshing org.springframework.context.support.ClassPathXmlApplicationContext@407a7f2a
2023-02-07 at 18:30:53 CST DEBUG org.springframework.beans.factory.xml.XmlBeanDefinitionReader 393 doLoadBeanDefinitions - Loaded 3 bean definitions from class path resource [bean-system-map.xml]
2023-02-07 at 18:30:53 CST DEBUG org.springframework.beans.factory.support.DefaultSingletonBeanRegistry 225 getSingleton - Creating shared instance of singleton bean 'dept'
2023-02-07 at 18:30:53 CST DEBUG org.springframework.beans.factory.support.DefaultSingletonBeanRegistry 225 getSingleton - Creating shared instance of singleton bean 'emp'
2023-02-07 at 18:30:53 CST DEBUG org.springframework.beans.factory.support.DefaultSingletonBeanRegistry 225 getSingleton - Creating shared instance of singleton bean 'emp2'
2023-02-07 at 18:31:38 CST DEBUG org.springframework.context.support.AbstractApplicationContext 630 prepareRefresh - Refreshing org.springframework.context.support.ClassPathXmlApplicationContext@6692b6c6
2023-02-07 at 18:31:38 CST DEBUG org.springframework.beans.factory.xml.XmlBeanDefinitionReader 393 doLoadBeanDefinitions - Loaded 3 bean definitions from class path resource [bean-system-map.xml]
2023-02-07 at 18:31:38 CST DEBUG org.springframework.beans.factory.support.DefaultSingletonBeanRegistry 225 getSingleton - Creating shared instance of singleton bean 'dept'
2023-02-07 at 18:31:38 CST DEBUG org.springframework.beans.factory.support.DefaultSingletonBeanRegistry 225 getSingleton - Creating shared instance of singleton bean 'emp'
2023-02-07 at 18:31:38 CST DEBUG org.springframework.beans.factory.support.DefaultSingletonBeanRegistry 225 getSingleton - Creating shared instance of singleton bean 'emp2'
2023-02-07 at 18:32:53 CST DEBUG org.springframework.context.support.AbstractApplicationContext 630 prepareRefresh - Refreshing org.springframework.context.support.ClassPathXmlApplicationContext@6692b6c6
2023-02-07 at 18:32:53 CST DEBUG org.springframework.beans.factory.xml.XmlBeanDefinitionReader 393 doLoadBeanDefinitions - Loaded 3 bean definitions from class path resource [bean-system-map.xml]
2023-02-07 at 18:32:53 CST DEBUG org.springframework.beans.factory.support.DefaultSingletonBeanRegistry 225 getSingleton - Creating shared instance of singleton bean 'dept'
2023-02-07 at 18:32:53 CST DEBUG org.springframework.beans.factory.support.DefaultSingletonBeanRegistry 225 getSingleton - Creating shared instance of singleton bean 'emp'
2023-02-07 at 18:32:53 CST DEBUG org.springframework.beans.factory.support.DefaultSingletonBeanRegistry 225 getSingleton - Creating shared instance of singleton bean 'emp2'
2023-02-07 at 18:34:00 CST DEBUG org.springframework.context.support.AbstractApplicationContext 630 prepareRefresh - Refreshing org.springframework.context.support.ClassPathXmlApplicationContext@6692b6c6
2023-02-07 at 18:34:01 CST DEBUG org.springframework.beans.factory.xml.XmlBeanDefinitionReader 393 doLoadBeanDefinitions - Loaded 3 bean definitions from class path resource [bean-system-map.xml]
2023-02-07 at 18:34:01 CST DEBUG org.springframework.beans.factory.support.DefaultSingletonBeanRegistry 225 getSingleton - Creating shared instance of singleton bean 'dept'
2023-02-07 at 18:34:01 CST DEBUG org.springframework.beans.factory.support.DefaultSingletonBeanRegistry 225 getSingleton - Creating shared instance of singleton bean 'emp'
2023-02-07 at 18:34:01 CST DEBUG org.springframework.beans.factory.support.DefaultSingletonBeanRegistry 225 getSingleton - Creating shared instance of singleton bean 'emp2'
2023-02-08 at 11:23:56 CST DEBUG org.springframework.context.support.AbstractApplicationContext 630 prepareRefresh - Refreshing org.springframework.context.support.ClassPathXmlApplicationContext@4fa1c212
2023-02-08 at 11:23:58 CST DEBUG org.springframework.beans.factory.xml.XmlBeanDefinitionReader 393 doLoadBeanDefinitions - Loaded 7 bean definitions from class path resource [bean-system-ref.xml]
2023-02-08 at 11:23:58 CST DEBUG org.springframework.beans.factory.support.DefaultSingletonBeanRegistry 225 getSingleton - Creating shared instance of singleton bean 'dept'
2023-02-08 at 11:23:58 CST DEBUG org.springframework.beans.factory.support.DefaultSingletonBeanRegistry 225 getSingleton - Creating shared instance of singleton bean 'empList'
2023-02-08 at 11:23:58 CST DEBUG org.springframework.beans.factory.support.DefaultSingletonBeanRegistry 225 getSingleton - Creating shared instance of singleton bean 'emp1'
2023-02-08 at 11:23:58 CST DEBUG org.springframework.beans.factory.support.DefaultSingletonBeanRegistry 225 getSingleton - Creating shared instance of singleton bean 'emp2'
2023-02-08 at 11:23:58 CST DEBUG org.springframework.beans.factory.support.DefaultSingletonBeanRegistry 225 getSingleton - Creating shared instance of singleton bean 'lessonList'
2023-02-08 at 11:23:58 CST DEBUG org.springframework.beans.factory.support.DefaultSingletonBeanRegistry 225 getSingleton - Creating shared instance of singleton bean 'lesson1'
2023-02-08 at 11:23:58 CST DEBUG org.springframework.beans.factory.support.DefaultSingletonBeanRegistry 225 getSingleton - Creating shared instance of singleton bean 'lesson2'
2023-02-08 at 11:23:58 CST WARN  org.springframework.context.support.AbstractApplicationContext 592 refresh - Exception encountered during context initialization - cancelling refresh attempt: org.springframework.beans.factory.BeanCreationException: Error creating bean with name 'dept' defined in class path resource [bean-system-ref.xml]: Failed to convert property value of type 'java.util.LinkedHashMap' to required type 'java.util.Map' for property 'empMap'; Cannot convert value of type 'com.wsy.system.entity.Lesson' to required type 'com.wsy.system.entity.Emp' for property 'empMap[10010]': no matching editors or conversion strategy found
2023-02-08 at 11:31:04 CST DEBUG org.springframework.context.support.AbstractApplicationContext 630 prepareRefresh - Refreshing org.springframework.context.support.ClassPathXmlApplicationContext@407a7f2a
2023-02-08 at 11:31:04 CST DEBUG org.springframework.beans.factory.xml.XmlBeanDefinitionReader 393 doLoadBeanDefinitions - Loaded 7 bean definitions from class path resource [bean-system-ref.xml]
2023-02-08 at 11:31:04 CST DEBUG org.springframework.beans.factory.support.DefaultSingletonBeanRegistry 225 getSingleton - Creating shared instance of singleton bean 'dept'
2023-02-08 at 11:31:05 CST DEBUG org.springframework.beans.factory.support.DefaultSingletonBeanRegistry 225 getSingleton - Creating shared instance of singleton bean 'empList'
2023-02-08 at 11:31:05 CST DEBUG org.springframework.beans.factory.support.DefaultSingletonBeanRegistry 225 getSingleton - Creating shared instance of singleton bean 'emp1'
2023-02-08 at 11:31:05 CST DEBUG org.springframework.beans.factory.support.DefaultSingletonBeanRegistry 225 getSingleton - Creating shared instance of singleton bean 'emp2'
2023-02-08 at 11:31:05 CST DEBUG org.springframework.beans.factory.support.DefaultSingletonBeanRegistry 225 getSingleton - Creating shared instance of singleton bean 'empMap'
2023-02-08 at 11:31:05 CST DEBUG org.springframework.beans.factory.support.DefaultSingletonBeanRegistry 225 getSingleton - Creating shared instance of singleton bean 'lesson1'
2023-02-08 at 11:31:05 CST DEBUG org.springframework.beans.factory.support.DefaultSingletonBeanRegistry 225 getSingleton - Creating shared instance of singleton bean 'lesson2'
2023-02-08 at 11:31:05 CST WARN  org.springframework.context.support.AbstractApplicationContext 592 refresh - Exception encountered during context initialization - cancelling refresh attempt: org.springframework.beans.factory.BeanCreationException: Error creating bean with name 'dept' defined in class path resource [bean-system-ref.xml]: Failed to convert property value of type 'java.util.LinkedHashMap' to required type 'java.util.Map' for property 'empMap'; Cannot convert value of type 'com.wsy.system.entity.Lesson' to required type 'com.wsy.system.entity.Emp' for property 'empMap[10010]': no matching editors or conversion strategy found
2023-02-08 at 11:31:39 CST DEBUG org.springframework.context.support.AbstractApplicationContext 630 prepareRefresh - Refreshing org.springframework.context.support.ClassPathXmlApplicationContext@6692b6c6
2023-02-08 at 11:31:39 CST DEBUG org.springframework.beans.factory.xml.XmlBeanDefinitionReader 393 doLoadBeanDefinitions - Loaded 7 bean definitions from class path resource [bean-system-ref.xml]
2023-02-08 at 11:31:39 CST DEBUG org.springframework.beans.factory.support.DefaultSingletonBeanRegistry 225 getSingleton - Creating shared instance of singleton bean 'dept'
2023-02-08 at 11:31:39 CST DEBUG org.springframework.beans.factory.support.DefaultSingletonBeanRegistry 225 getSingleton - Creating shared instance of singleton bean 'empList'
2023-02-08 at 11:31:39 CST DEBUG org.springframework.beans.factory.support.DefaultSingletonBeanRegistry 225 getSingleton - Creating shared instance of singleton bean 'emp1'
2023-02-08 at 11:31:39 CST DEBUG org.springframework.beans.factory.support.DefaultSingletonBeanRegistry 225 getSingleton - Creating shared instance of singleton bean 'emp2'
2023-02-08 at 11:31:39 CST DEBUG org.springframework.beans.factory.support.DefaultSingletonBeanRegistry 225 getSingleton - Creating shared instance of singleton bean 'empMap'
2023-02-08 at 11:31:39 CST DEBUG org.springframework.beans.factory.support.DefaultSingletonBeanRegistry 225 getSingleton - Creating shared instance of singleton bean 'lesson1'
2023-02-08 at 11:31:39 CST DEBUG org.springframework.beans.factory.support.DefaultSingletonBeanRegistry 225 getSingleton - Creating shared instance of singleton bean 'lesson2'
2023-02-08 at 11:31:39 CST WARN  org.springframework.context.support.AbstractApplicationContext 592 refresh - Exception encountered during context initialization - cancelling refresh attempt: org.springframework.beans.factory.BeanCreationException: Error creating bean with name 'dept' defined in class path resource [bean-system-ref.xml]: Failed to convert property value of type 'java.util.LinkedHashMap' to required type 'java.util.Map' for property 'empMap'; Cannot convert value of type 'com.wsy.system.entity.Lesson' to required type 'com.wsy.system.entity.Emp' for property 'empMap[10010]': no matching editors or conversion strategy found
2023-02-08 at 11:34:14 CST DEBUG org.springframework.context.support.AbstractApplicationContext 630 prepareRefresh - Refreshing org.springframework.context.support.ClassPathXmlApplicationContext@6692b6c6
2023-02-08 at 11:34:15 CST DEBUG org.springframework.beans.factory.xml.XmlBeanDefinitionReader 393 doLoadBeanDefinitions - Loaded 7 bean definitions from class path resource [bean-system-ref.xml]
2023-02-08 at 11:34:15 CST DEBUG org.springframework.beans.factory.support.DefaultSingletonBeanRegistry 225 getSingleton - Creating shared instance of singleton bean 'dept'
2023-02-08 at 11:34:15 CST DEBUG org.springframework.beans.factory.support.DefaultSingletonBeanRegistry 225 getSingleton - Creating shared instance of singleton bean 'empList'
2023-02-08 at 11:34:15 CST DEBUG org.springframework.beans.factory.support.DefaultSingletonBeanRegistry 225 getSingleton - Creating shared instance of singleton bean 'emp1'
2023-02-08 at 11:34:15 CST DEBUG org.springframework.beans.factory.support.DefaultSingletonBeanRegistry 225 getSingleton - Creating shared instance of singleton bean 'emp2'
2023-02-08 at 11:34:15 CST DEBUG org.springframework.beans.factory.support.DefaultSingletonBeanRegistry 225 getSingleton - Creating shared instance of singleton bean 'empMap'
2023-02-08 at 11:34:15 CST DEBUG org.springframework.beans.factory.support.DefaultSingletonBeanRegistry 225 getSingleton - Creating shared instance of singleton bean 'lesson1'
2023-02-08 at 11:34:15 CST DEBUG org.springframework.beans.factory.support.DefaultSingletonBeanRegistry 225 getSingleton - Creating shared instance of singleton bean 'lesson2'
2023-02-08 at 11:34:15 CST WARN  org.springframework.context.support.AbstractApplicationContext 592 refresh - Exception encountered during context initialization - cancelling refresh attempt: org.springframework.beans.factory.BeanCreationException: Error creating bean with name 'dept' defined in class path resource [bean-system-ref.xml]: Failed to convert property value of type 'java.util.LinkedHashMap' to required type 'java.util.Map' for property 'empMap'; Cannot convert value of type 'com.wsy.system.entity.Lesson' to required type 'com.wsy.system.entity.Emp' for property 'empMap[10010]': no matching editors or conversion strategy found
2023-02-08 at 11:34:33 CST DEBUG org.springframework.context.support.AbstractApplicationContext 630 prepareRefresh - Refreshing org.springframework.context.support.ClassPathXmlApplicationContext@6692b6c6
2023-02-08 at 11:34:33 CST DEBUG org.springframework.beans.factory.xml.XmlBeanDefinitionReader 393 doLoadBeanDefinitions - Loaded 7 bean definitions from class path resource [bean-system-ref.xml]
2023-02-08 at 11:34:33 CST DEBUG org.springframework.beans.factory.support.DefaultSingletonBeanRegistry 225 getSingleton - Creating shared instance of singleton bean 'dept'
2023-02-08 at 11:34:33 CST DEBUG org.springframework.beans.factory.support.DefaultSingletonBeanRegistry 225 getSingleton - Creating shared instance of singleton bean 'empList'
2023-02-08 at 11:34:33 CST DEBUG org.springframework.beans.factory.support.DefaultSingletonBeanRegistry 225 getSingleton - Creating shared instance of singleton bean 'emp1'
2023-02-08 at 11:34:33 CST DEBUG org.springframework.beans.factory.support.DefaultSingletonBeanRegistry 225 getSingleton - Creating shared instance of singleton bean 'emp2'
2023-02-08 at 11:34:33 CST DEBUG org.springframework.beans.factory.support.DefaultSingletonBeanRegistry 225 getSingleton - Creating shared instance of singleton bean 'lessonMap'
2023-02-08 at 11:34:33 CST DEBUG org.springframework.beans.factory.support.DefaultSingletonBeanRegistry 225 getSingleton - Creating shared instance of singleton bean 'lesson1'
2023-02-08 at 11:34:33 CST DEBUG org.springframework.beans.factory.support.DefaultSingletonBeanRegistry 225 getSingleton - Creating shared instance of singleton bean 'lesson2'
2023-02-08 at 11:35:37 CST DEBUG org.springframework.context.support.AbstractApplicationContext 630 prepareRefresh - Refreshing org.springframework.context.support.ClassPathXmlApplicationContext@6692b6c6
2023-02-08 at 11:35:38 CST DEBUG org.springframework.beans.factory.xml.XmlBeanDefinitionReader 393 doLoadBeanDefinitions - Loaded 7 bean definitions from class path resource [bean-system-ref.xml]
2023-02-08 at 11:35:38 CST DEBUG org.springframework.beans.factory.support.DefaultSingletonBeanRegistry 225 getSingleton - Creating shared instance of singleton bean 'dept'
2023-02-08 at 11:35:38 CST DEBUG org.springframework.beans.factory.support.DefaultSingletonBeanRegistry 225 getSingleton - Creating shared instance of singleton bean 'empList'
2023-02-08 at 11:35:38 CST DEBUG org.springframework.beans.factory.support.DefaultSingletonBeanRegistry 225 getSingleton - Creating shared instance of singleton bean 'emp1'
2023-02-08 at 11:35:38 CST DEBUG org.springframework.beans.factory.support.DefaultSingletonBeanRegistry 225 getSingleton - Creating shared instance of singleton bean 'emp2'
2023-02-08 at 11:35:38 CST DEBUG org.springframework.beans.factory.support.DefaultSingletonBeanRegistry 225 getSingleton - Creating shared instance of singleton bean 'lessonMap'
2023-02-08 at 11:35:38 CST DEBUG org.springframework.beans.factory.support.DefaultSingletonBeanRegistry 225 getSingleton - Creating shared instance of singleton bean 'lesson1'
2023-02-08 at 11:35:38 CST DEBUG org.springframework.beans.factory.support.DefaultSingletonBeanRegistry 225 getSingleton - Creating shared instance of singleton bean 'lesson2'
2023-02-08 at 11:35:52 CST DEBUG org.springframework.context.support.AbstractApplicationContext 630 prepareRefresh - Refreshing org.springframework.context.support.ClassPathXmlApplicationContext@6692b6c6
2023-02-08 at 11:35:52 CST DEBUG org.springframework.beans.factory.xml.XmlBeanDefinitionReader 393 doLoadBeanDefinitions - Loaded 7 bean definitions from class path resource [bean-system-ref.xml]
2023-02-08 at 11:35:52 CST DEBUG org.springframework.beans.factory.support.DefaultSingletonBeanRegistry 225 getSingleton - Creating shared instance of singleton bean 'dept'
2023-02-08 at 11:35:52 CST DEBUG org.springframework.beans.factory.support.DefaultSingletonBeanRegistry 225 getSingleton - Creating shared instance of singleton bean 'empList'
2023-02-08 at 11:35:52 CST DEBUG org.springframework.beans.factory.support.DefaultSingletonBeanRegistry 225 getSingleton - Creating shared instance of singleton bean 'emp1'
2023-02-08 at 11:35:52 CST DEBUG org.springframework.beans.factory.support.DefaultSingletonBeanRegistry 225 getSingleton - Creating shared instance of singleton bean 'emp2'
2023-02-08 at 11:35:53 CST DEBUG org.springframework.beans.factory.support.DefaultSingletonBeanRegistry 225 getSingleton - Creating shared instance of singleton bean 'lessonMap'
2023-02-08 at 11:35:53 CST DEBUG org.springframework.beans.factory.support.DefaultSingletonBeanRegistry 225 getSingleton - Creating shared instance of singleton bean 'lesson1'
2023-02-08 at 11:35:53 CST DEBUG org.springframework.beans.factory.support.DefaultSingletonBeanRegistry 225 getSingleton - Creating shared instance of singleton bean 'lesson2'
2023-02-08 at 11:36:20 CST DEBUG org.springframework.context.support.AbstractApplicationContext 630 prepareRefresh - Refreshing org.springframework.context.support.ClassPathXmlApplicationContext@6692b6c6
2023-02-08 at 11:36:21 CST DEBUG org.springframework.beans.factory.xml.XmlBeanDefinitionReader 393 doLoadBeanDefinitions - Loaded 7 bean definitions from class path resource [bean-system-ref.xml]
2023-02-08 at 11:36:21 CST DEBUG org.springframework.beans.factory.support.DefaultSingletonBeanRegistry 225 getSingleton - Creating shared instance of singleton bean 'dept'
2023-02-08 at 11:36:21 CST DEBUG org.springframework.beans.factory.support.DefaultSingletonBeanRegistry 225 getSingleton - Creating shared instance of singleton bean 'empList'
2023-02-08 at 11:36:21 CST DEBUG org.springframework.beans.factory.support.DefaultSingletonBeanRegistry 225 getSingleton - Creating shared instance of singleton bean 'emp1'
2023-02-08 at 11:36:21 CST DEBUG org.springframework.beans.factory.support.DefaultSingletonBeanRegistry 225 getSingleton - Creating shared instance of singleton bean 'emp2'
2023-02-08 at 11:36:21 CST DEBUG org.springframework.beans.factory.support.DefaultSingletonBeanRegistry 225 getSingleton - Creating shared instance of singleton bean 'lessonMap'
2023-02-08 at 11:36:21 CST DEBUG org.springframework.beans.factory.support.DefaultSingletonBeanRegistry 225 getSingleton - Creating shared instance of singleton bean 'lesson1'
2023-02-08 at 11:36:21 CST DEBUG org.springframework.beans.factory.support.DefaultSingletonBeanRegistry 225 getSingleton - Creating shared instance of singleton bean 'lesson2'
2023-02-08 at 11:36:41 CST DEBUG org.springframework.context.support.AbstractApplicationContext 630 prepareRefresh - Refreshing org.springframework.context.support.ClassPathXmlApplicationContext@6692b6c6
2023-02-08 at 11:36:41 CST DEBUG org.springframework.beans.factory.xml.XmlBeanDefinitionReader 393 doLoadBeanDefinitions - Loaded 7 bean definitions from class path resource [bean-system-ref.xml]
2023-02-08 at 11:36:41 CST DEBUG org.springframework.beans.factory.support.DefaultSingletonBeanRegistry 225 getSingleton - Creating shared instance of singleton bean 'dept'
2023-02-08 at 11:36:41 CST DEBUG org.springframework.beans.factory.support.DefaultSingletonBeanRegistry 225 getSingleton - Creating shared instance of singleton bean 'empList'
2023-02-08 at 11:36:41 CST DEBUG org.springframework.beans.factory.support.DefaultSingletonBeanRegistry 225 getSingleton - Creating shared instance of singleton bean 'emp1'
2023-02-08 at 11:36:41 CST DEBUG org.springframework.beans.factory.support.DefaultSingletonBeanRegistry 225 getSingleton - Creating shared instance of singleton bean 'emp2'
2023-02-08 at 11:36:41 CST DEBUG org.springframework.beans.factory.support.DefaultSingletonBeanRegistry 225 getSingleton - Creating shared instance of singleton bean 'lessonMap'
2023-02-08 at 11:36:41 CST DEBUG org.springframework.beans.factory.support.DefaultSingletonBeanRegistry 225 getSingleton - Creating shared instance of singleton bean 'lesson1'
2023-02-08 at 11:36:41 CST DEBUG org.springframework.beans.factory.support.DefaultSingletonBeanRegistry 225 getSingleton - Creating shared instance of singleton bean 'lesson2'
2023-02-08 at 11:37:11 CST DEBUG org.springframework.context.support.AbstractApplicationContext 630 prepareRefresh - Refreshing org.springframework.context.support.ClassPathXmlApplicationContext@6692b6c6
2023-02-08 at 11:37:11 CST DEBUG org.springframework.beans.factory.xml.XmlBeanDefinitionReader 393 doLoadBeanDefinitions - Loaded 7 bean definitions from class path resource [bean-system-ref.xml]
2023-02-08 at 11:37:11 CST DEBUG org.springframework.beans.factory.support.DefaultSingletonBeanRegistry 225 getSingleton - Creating shared instance of singleton bean 'dept'
2023-02-08 at 11:37:11 CST DEBUG org.springframework.beans.factory.support.DefaultSingletonBeanRegistry 225 getSingleton - Creating shared instance of singleton bean 'empList'
2023-02-08 at 11:37:11 CST DEBUG org.springframework.beans.factory.support.DefaultSingletonBeanRegistry 225 getSingleton - Creating shared instance of singleton bean 'emp1'
2023-02-08 at 11:37:11 CST DEBUG org.springframework.beans.factory.support.DefaultSingletonBeanRegistry 225 getSingleton - Creating shared instance of singleton bean 'emp2'
2023-02-08 at 11:37:11 CST DEBUG org.springframework.beans.factory.support.DefaultSingletonBeanRegistry 225 getSingleton - Creating shared instance of singleton bean 'lessonMap'
2023-02-08 at 11:37:11 CST DEBUG org.springframework.beans.factory.support.DefaultSingletonBeanRegistry 225 getSingleton - Creating shared instance of singleton bean 'lesson1'
2023-02-08 at 11:37:11 CST DEBUG org.springframework.beans.factory.support.DefaultSingletonBeanRegistry 225 getSingleton - Creating shared instance of singleton bean 'lesson2'
2023-02-08 at 11:38:00 CST DEBUG org.springframework.context.support.AbstractApplicationContext 630 prepareRefresh - Refreshing org.springframework.context.support.ClassPathXmlApplicationContext@6692b6c6
2023-02-08 at 11:38:00 CST DEBUG org.springframework.beans.factory.xml.XmlBeanDefinitionReader 393 doLoadBeanDefinitions - Loaded 7 bean definitions from class path resource [bean-system-ref.xml]
2023-02-08 at 11:38:00 CST DEBUG org.springframework.beans.factory.support.DefaultSingletonBeanRegistry 225 getSingleton - Creating shared instance of singleton bean 'dept'
2023-02-08 at 11:38:01 CST DEBUG org.springframework.beans.factory.support.DefaultSingletonBeanRegistry 225 getSingleton - Creating shared instance of singleton bean 'empList'
2023-02-08 at 11:38:01 CST DEBUG org.springframework.beans.factory.support.DefaultSingletonBeanRegistry 225 getSingleton - Creating shared instance of singleton bean 'emp1'
2023-02-08 at 11:38:01 CST DEBUG org.springframework.beans.factory.support.DefaultSingletonBeanRegistry 225 getSingleton - Creating shared instance of singleton bean 'emp2'
2023-02-08 at 11:38:01 CST DEBUG org.springframework.beans.factory.support.DefaultSingletonBeanRegistry 225 getSingleton - Creating shared instance of singleton bean 'lessonMap'
2023-02-08 at 11:38:01 CST DEBUG org.springframework.beans.factory.support.DefaultSingletonBeanRegistry 225 getSingleton - Creating shared instance of singleton bean 'lesson1'
2023-02-08 at 11:38:01 CST DEBUG org.springframework.beans.factory.support.DefaultSingletonBeanRegistry 225 getSingleton - Creating shared instance of singleton bean 'lesson2'
2023-02-08 at 11:56:05 CST DEBUG org.springframework.context.support.AbstractApplicationContext 630 prepareRefresh - Refreshing org.springframework.context.support.ClassPathXmlApplicationContext@6692b6c6
2023-02-08 at 11:56:05 CST DEBUG org.springframework.beans.factory.xml.XmlBeanDefinitionReader 393 doLoadBeanDefinitions - Loaded 8 bean definitions from class path resource [bean-system-ref.xml]
2023-02-08 at 11:56:05 CST DEBUG org.springframework.beans.factory.support.DefaultSingletonBeanRegistry 225 getSingleton - Creating shared instance of singleton bean 'deptP'
2023-02-08 at 11:56:05 CST DEBUG org.springframework.beans.factory.support.DefaultSingletonBeanRegistry 225 getSingleton - Creating shared instance of singleton bean 'empList'
2023-02-08 at 11:56:05 CST DEBUG org.springframework.beans.factory.support.DefaultSingletonBeanRegistry 225 getSingleton - Creating shared instance of singleton bean 'emp1'
2023-02-08 at 11:56:05 CST DEBUG org.springframework.beans.factory.support.DefaultSingletonBeanRegistry 225 getSingleton - Creating shared instance of singleton bean 'emp2'
2023-02-08 at 11:56:05 CST DEBUG org.springframework.beans.factory.support.DefaultSingletonBeanRegistry 225 getSingleton - Creating shared instance of singleton bean 'lessonMap'
2023-02-08 at 11:56:05 CST DEBUG org.springframework.beans.factory.support.DefaultSingletonBeanRegistry 225 getSingleton - Creating shared instance of singleton bean 'lesson1'
2023-02-08 at 11:56:05 CST DEBUG org.springframework.beans.factory.support.DefaultSingletonBeanRegistry 225 getSingleton - Creating shared instance of singleton bean 'lesson2'
2023-02-08 at 11:56:05 CST WARN  org.springframework.context.support.AbstractApplicationContext 592 refresh - Exception encountered during context initialization - cancelling refresh attempt: org.springframework.beans.factory.BeanCreationException: Error creating bean with name 'deptP' defined in class path resource [bean-system-ref.xml]: Failed to convert property value of type 'java.util.LinkedHashMap' to required type 'java.util.Map' for property 'empMap'; Cannot convert value of type 'com.wsy.system.entity.Lesson' to required type 'com.wsy.system.entity.Emp' for property 'empMap[10010]': no matching editors or conversion strategy found
2023-02-08 at 11:56:48 CST DEBUG org.springframework.context.support.AbstractApplicationContext 630 prepareRefresh - Refreshing org.springframework.context.support.ClassPathXmlApplicationContext@6692b6c6
2023-02-08 at 11:56:48 CST DEBUG org.springframework.beans.factory.xml.XmlBeanDefinitionReader 393 doLoadBeanDefinitions - Loaded 8 bean definitions from class path resource [bean-system-ref.xml]
2023-02-08 at 11:56:48 CST DEBUG org.springframework.beans.factory.support.DefaultSingletonBeanRegistry 225 getSingleton - Creating shared instance of singleton bean 'deptP'
2023-02-08 at 11:56:48 CST DEBUG org.springframework.beans.factory.support.DefaultSingletonBeanRegistry 225 getSingleton - Creating shared instance of singleton bean 'empList'
2023-02-08 at 11:56:48 CST DEBUG org.springframework.beans.factory.support.DefaultSingletonBeanRegistry 225 getSingleton - Creating shared instance of singleton bean 'emp1'
2023-02-08 at 11:56:48 CST DEBUG org.springframework.beans.factory.support.DefaultSingletonBeanRegistry 225 getSingleton - Creating shared instance of singleton bean 'emp2'
2023-02-08 at 11:56:48 CST DEBUG org.springframework.beans.factory.support.DefaultSingletonBeanRegistry 225 getSingleton - Creating shared instance of singleton bean 'lessonMap'
2023-02-08 at 11:56:48 CST DEBUG org.springframework.beans.factory.support.DefaultSingletonBeanRegistry 225 getSingleton - Creating shared instance of singleton bean 'lesson1'
2023-02-08 at 11:56:48 CST DEBUG org.springframework.beans.factory.support.DefaultSingletonBeanRegistry 225 getSingleton - Creating shared instance of singleton bean 'lesson2'
2023-02-08 at 11:56:48 CST DEBUG org.springframework.beans.factory.support.DefaultSingletonBeanRegistry 225 getSingleton - Creating shared instance of singleton bean 'dept'
2023-02-08 at 14:46:17 CST DEBUG org.springframework.context.support.AbstractApplicationContext 630 prepareRefresh - Refreshing org.springframework.context.support.ClassPathXmlApplicationContext@40dff0b7
2023-02-08 at 14:46:18 CST DEBUG org.springframework.beans.factory.xml.XmlBeanDefinitionReader 393 doLoadBeanDefinitions - Loaded 2 bean definitions from class path resource [spring-datasource.xml]
2023-02-08 at 14:46:18 CST DEBUG org.springframework.beans.factory.support.DefaultSingletonBeanRegistry 225 getSingleton - Creating shared instance of singleton bean 'org.springframework.context.support.PropertySourcesPlaceholderConfigurer#0'
2023-02-08 at 14:46:18 CST DEBUG org.springframework.core.env.PropertySourcesPropertyResolver 115 logKeyFound - Found key 'jdbc.url' in PropertySource 'localProperties' with value of type String
2023-02-08 at 14:46:18 CST DEBUG org.springframework.core.env.PropertySourcesPropertyResolver 115 logKeyFound - Found key 'jdbc.driver' in PropertySource 'localProperties' with value of type String
2023-02-08 at 14:46:18 CST DEBUG org.springframework.core.env.PropertySourcesPropertyResolver 115 logKeyFound - Found key 'jdbc.user' in PropertySource 'localProperties' with value of type String
2023-02-08 at 14:46:18 CST DEBUG org.springframework.core.env.PropertySourcesPropertyResolver 115 logKeyFound - Found key 'jdbc.password' in PropertySource 'localProperties' with value of type String
2023-02-08 at 14:46:18 CST DEBUG org.springframework.beans.factory.support.DefaultSingletonBeanRegistry 225 getSingleton - Creating shared instance of singleton bean 'druidDataSource'
2023-02-08 at 14:46:18 CST INFO  com.alibaba.druid.pool.DruidDataSource 985 init - {dataSource-1} inited
2023-02-08 at 15:11:11 CST DEBUG org.springframework.context.support.AbstractApplicationContext 630 prepareRefresh - Refreshing org.springframework.context.support.ClassPathXmlApplicationContext@56e8b606
2023-02-08 at 15:11:11 CST DEBUG org.springframework.beans.factory.xml.XmlBeanDefinitionReader 393 doLoadBeanDefinitions - Loaded 1 bean definitions from class path resource [bean-scope.xml]
2023-02-08 at 15:11:40 CST DEBUG org.springframework.context.support.AbstractApplicationContext 630 prepareRefresh - Refreshing org.springframework.context.support.ClassPathXmlApplicationContext@4c2cc639
2023-02-08 at 15:11:40 CST DEBUG org.springframework.beans.factory.xml.XmlBeanDefinitionReader 393 doLoadBeanDefinitions - Loaded 1 bean definitions from class path resource [bean-scope.xml]
2023-02-08 at 15:11:40 CST DEBUG org.springframework.beans.factory.support.DefaultSingletonBeanRegistry 225 getSingleton - Creating shared instance of singleton bean 'com.wsy.system.entity.User#0'
2023-02-08 at 15:16:09 CST DEBUG org.springframework.context.support.AbstractApplicationContext 630 prepareRefresh - Refreshing org.springframework.context.support.ClassPathXmlApplicationContext@3668d4
2023-02-08 at 15:16:09 CST DEBUG org.springframework.beans.factory.xml.XmlBeanDefinitionReader 393 doLoadBeanDefinitions - Loaded 1 bean definitions from class path resource [bean-scope.xml]
2023-02-08 at 17:19:16 CST DEBUG org.springframework.context.support.AbstractApplicationContext 630 prepareRefresh - Refreshing org.springframework.context.support.ClassPathXmlApplicationContext@2dd29a59
2023-02-08 at 17:19:16 CST DEBUG org.springframework.beans.factory.xml.XmlBeanDefinitionReader 393 doLoadBeanDefinitions - Loaded 1 bean definitions from class path resource [bean-life.xml]
2023-02-08 at 17:19:16 CST DEBUG org.springframework.context.support.AbstractApplicationContext 1029 doClose - Closing org.springframework.context.support.ClassPathXmlApplicationContext@2dd29a59, started on Wed Feb 08 17:19:16 CST 2023
2023-02-08 at 17:32:27 CST DEBUG org.springframework.context.support.AbstractApplicationContext 630 prepareRefresh - Refreshing org.springframework.context.support.ClassPathXmlApplicationContext@2dd29a59
2023-02-08 at 17:32:27 CST DEBUG org.springframework.beans.factory.xml.XmlBeanDefinitionReader 393 doLoadBeanDefinitions - Loaded 1 bean definitions from class path resource [bean-life.xml]
2023-02-08 at 17:32:28 CST DEBUG org.springframework.context.support.AbstractApplicationContext 1029 doClose - Closing org.springframework.context.support.ClassPathXmlApplicationContext@2dd29a59, started on Wed Feb 08 17:32:27 CST 2023
2023-02-08 at 17:34:28 CST DEBUG org.springframework.context.support.AbstractApplicationContext 630 prepareRefresh - Refreshing org.springframework.context.support.ClassPathXmlApplicationContext@1c3b9394
2023-02-08 at 17:34:28 CST DEBUG org.springframework.beans.factory.xml.XmlBeanDefinitionReader 393 doLoadBeanDefinitions - Loaded 1 bean definitions from class path resource [bean-life.xml]
2023-02-08 at 17:34:28 CST DEBUG org.springframework.context.support.AbstractApplicationContext 1029 doClose - Closing org.springframework.context.support.ClassPathXmlApplicationContext@1c3b9394, started on Wed Feb 08 17:34:28 CST 2023
2023-02-08 at 17:38:05 CST DEBUG org.springframework.context.support.AbstractApplicationContext 630 prepareRefresh - Refreshing org.springframework.context.support.ClassPathXmlApplicationContext@1c3b9394
2023-02-08 at 17:38:05 CST DEBUG org.springframework.beans.factory.xml.XmlBeanDefinitionReader 393 doLoadBeanDefinitions - Loaded 1 bean definitions from class path resource [bean-life.xml]
2023-02-08 at 17:38:05 CST DEBUG org.springframework.context.support.AbstractApplicationContext 1029 doClose - Closing org.springframework.context.support.ClassPathXmlApplicationContext@1c3b9394, started on Wed Feb 08 17:38:05 CST 2023
2023-02-08 at 17:38:31 CST DEBUG org.springframework.context.support.AbstractApplicationContext 630 prepareRefresh - Refreshing org.springframework.context.support.ClassPathXmlApplicationContext@1c3b9394
2023-02-08 at 17:38:31 CST DEBUG org.springframework.beans.factory.xml.XmlBeanDefinitionReader 393 doLoadBeanDefinitions - Loaded 1 bean definitions from class path resource [bean-life.xml]
2023-02-08 at 17:38:31 CST DEBUG org.springframework.context.support.AbstractApplicationContext 1029 doClose - Closing org.springframework.context.support.ClassPathXmlApplicationContext@1c3b9394, started on Wed Feb 08 17:38:31 CST 2023
2023-02-08 at 17:42:16 CST DEBUG org.springframework.context.support.AbstractApplicationContext 630 prepareRefresh - Refreshing org.springframework.context.support.ClassPathXmlApplicationContext@1c3b9394
2023-02-08 at 17:42:16 CST DEBUG org.springframework.beans.factory.xml.XmlBeanDefinitionReader 393 doLoadBeanDefinitions - Loaded 2 bean definitions from class path resource [bean-life.xml]
2023-02-08 at 17:42:16 CST DEBUG org.springframework.beans.factory.support.DefaultSingletonBeanRegistry 225 getSingleton - Creating shared instance of singleton bean 'myBeanProcessor'
2023-02-08 at 17:42:16 CST DEBUG org.springframework.context.support.AbstractApplicationContext 1029 doClose - Closing org.springframework.context.support.ClassPathXmlApplicationContext@1c3b9394, started on Wed Feb 08 17:42:16 CST 2023
2023-02-08 at 17:43:33 CST DEBUG org.springframework.context.support.AbstractApplicationContext 630 prepareRefresh - Refreshing org.springframework.context.support.ClassPathXmlApplicationContext@1c3b9394
2023-02-08 at 17:43:33 CST DEBUG org.springframework.beans.factory.xml.XmlBeanDefinitionReader 393 doLoadBeanDefinitions - Loaded 2 bean definitions from class path resource [bean-life.xml]
2023-02-08 at 17:43:33 CST DEBUG org.springframework.beans.factory.support.DefaultSingletonBeanRegistry 225 getSingleton - Creating shared instance of singleton bean 'myBeanProcessor'
2023-02-08 at 17:43:33 CST DEBUG org.springframework.context.support.AbstractApplicationContext 1029 doClose - Closing org.springframework.context.support.ClassPathXmlApplicationContext@1c3b9394, started on Wed Feb 08 17:43:33 CST 2023
2023-02-08 at 17:44:54 CST DEBUG org.springframework.context.support.AbstractApplicationContext 630 prepareRefresh - Refreshing org.springframework.context.support.ClassPathXmlApplicationContext@1c3b9394
2023-02-08 at 17:44:54 CST DEBUG org.springframework.beans.factory.xml.XmlBeanDefinitionReader 393 doLoadBeanDefinitions - Loaded 2 bean definitions from class path resource [bean-life.xml]
2023-02-08 at 17:44:54 CST DEBUG org.springframework.beans.factory.support.DefaultSingletonBeanRegistry 225 getSingleton - Creating shared instance of singleton bean 'myBeanProcessor'
2023-02-08 at 17:44:54 CST DEBUG org.springframework.context.support.AbstractApplicationContext 1029 doClose - Closing org.springframework.context.support.ClassPathXmlApplicationContext@1c3b9394, started on Wed Feb 08 17:44:54 CST 2023
2023-02-08 at 17:47:42 CST DEBUG org.springframework.context.support.AbstractApplicationContext 630 prepareRefresh - Refreshing org.springframework.context.support.ClassPathXmlApplicationContext@1c3b9394
2023-02-08 at 17:47:42 CST DEBUG org.springframework.beans.factory.xml.XmlBeanDefinitionReader 393 doLoadBeanDefinitions - Loaded 2 bean definitions from class path resource [bean-life.xml]
2023-02-08 at 17:47:42 CST DEBUG org.springframework.beans.factory.support.DefaultSingletonBeanRegistry 225 getSingleton - Creating shared instance of singleton bean 'myBeanProcessor'
2023-02-08 at 17:47:42 CST DEBUG org.springframework.context.support.AbstractApplicationContext 1029 doClose - Closing org.springframework.context.support.ClassPathXmlApplicationContext@1c3b9394, started on Wed Feb 08 17:47:42 CST 2023
2023-02-08 at 17:48:22 CST DEBUG org.springframework.context.support.AbstractApplicationContext 630 prepareRefresh - Refreshing org.springframework.context.support.ClassPathXmlApplicationContext@1c3b9394
2023-02-08 at 17:48:22 CST DEBUG org.springframework.beans.factory.xml.XmlBeanDefinitionReader 393 doLoadBeanDefinitions - Loaded 2 bean definitions from class path resource [bean-life.xml]
2023-02-08 at 17:48:22 CST DEBUG org.springframework.beans.factory.support.DefaultSingletonBeanRegistry 225 getSingleton - Creating shared instance of singleton bean 'myBeanProcessor'
2023-02-08 at 17:48:22 CST DEBUG org.springframework.context.support.AbstractApplicationContext 1029 doClose - Closing org.springframework.context.support.ClassPathXmlApplicationContext@1c3b9394, started on Wed Feb 08 17:48:22 CST 2023
2023-02-08 at 17:49:45 CST DEBUG org.springframework.context.support.AbstractApplicationContext 630 prepareRefresh - Refreshing org.springframework.context.support.ClassPathXmlApplicationContext@1c3b9394
2023-02-08 at 17:49:45 CST DEBUG org.springframework.beans.factory.xml.XmlBeanDefinitionReader 393 doLoadBeanDefinitions - Loaded 2 bean definitions from class path resource [bean-life.xml]
2023-02-08 at 17:49:45 CST DEBUG org.springframework.beans.factory.support.DefaultSingletonBeanRegistry 225 getSingleton - Creating shared instance of singleton bean 'myBeanProcessor'
2023-02-08 at 17:49:45 CST DEBUG org.springframework.context.support.AbstractApplicationContext 1029 doClose - Closing org.springframework.context.support.ClassPathXmlApplicationContext@1c3b9394, started on Wed Feb 08 17:49:45 CST 2023
2023-02-08 at 17:52:17 CST DEBUG org.springframework.context.support.AbstractApplicationContext 630 prepareRefresh - Refreshing org.springframework.context.support.ClassPathXmlApplicationContext@1c3b9394
2023-02-08 at 17:52:17 CST DEBUG org.springframework.beans.factory.xml.XmlBeanDefinitionReader 393 doLoadBeanDefinitions - Loaded 2 bean definitions from class path resource [bean-life.xml]
2023-02-08 at 17:52:17 CST DEBUG org.springframework.beans.factory.support.DefaultSingletonBeanRegistry 225 getSingleton - Creating shared instance of singleton bean 'myBeanProcessor'
2023-02-08 at 17:52:56 CST DEBUG org.springframework.context.support.AbstractApplicationContext 630 prepareRefresh - Refreshing org.springframework.context.support.ClassPathXmlApplicationContext@1c3b9394
2023-02-08 at 17:52:56 CST DEBUG org.springframework.beans.factory.xml.XmlBeanDefinitionReader 393 doLoadBeanDefinitions - Loaded 2 bean definitions from class path resource [bean-life.xml]
2023-02-08 at 17:52:56 CST DEBUG org.springframework.beans.factory.support.DefaultSingletonBeanRegistry 225 getSingleton - Creating shared instance of singleton bean 'myBeanProcessor'
2023-02-08 at 17:52:56 CST DEBUG org.springframework.context.support.AbstractApplicationContext 1029 doClose - Closing org.springframework.context.support.ClassPathXmlApplicationContext@1c3b9394, started on Wed Feb 08 17:52:56 CST 2023
2023-02-08 at 17:54:44 CST DEBUG org.springframework.context.support.AbstractApplicationContext 630 prepareRefresh - Refreshing org.springframework.context.support.ClassPathXmlApplicationContext@1c3b9394
2023-02-08 at 17:54:44 CST DEBUG org.springframework.beans.factory.xml.XmlBeanDefinitionReader 393 doLoadBeanDefinitions - Loaded 2 bean definitions from class path resource [bean-life.xml]
2023-02-08 at 17:54:44 CST DEBUG org.springframework.beans.factory.support.DefaultSingletonBeanRegistry 225 getSingleton - Creating shared instance of singleton bean 'myBeanProcessor'
2023-02-08 at 17:54:44 CST DEBUG org.springframework.context.support.AbstractApplicationContext 1029 doClose - Closing org.springframework.context.support.ClassPathXmlApplicationContext@1c3b9394, started on Wed Feb 08 17:54:44 CST 2023
2023-02-08 at 17:58:36 CST DEBUG org.springframework.context.support.AbstractApplicationContext 630 prepareRefresh - Refreshing org.springframework.context.support.ClassPathXmlApplicationContext@1c3b9394
2023-02-08 at 17:58:36 CST DEBUG org.springframework.beans.factory.xml.XmlBeanDefinitionReader 393 doLoadBeanDefinitions - Loaded 2 bean definitions from class path resource [bean-life.xml]
2023-02-08 at 17:58:36 CST DEBUG org.springframework.beans.factory.support.DefaultSingletonBeanRegistry 225 getSingleton - Creating shared instance of singleton bean 'myBeanProcessor'
2023-02-08 at 17:58:36 CST DEBUG org.springframework.context.support.AbstractApplicationContext 1029 doClose - Closing org.springframework.context.support.ClassPathXmlApplicationContext@1c3b9394, started on Wed Feb 08 17:58:36 CST 2023
2023-02-08 at 17:59:11 CST DEBUG org.springframework.context.support.AbstractApplicationContext 630 prepareRefresh - Refreshing org.springframework.context.support.ClassPathXmlApplicationContext@1c3b9394
2023-02-08 at 17:59:12 CST DEBUG org.springframework.beans.factory.xml.XmlBeanDefinitionReader 393 doLoadBeanDefinitions - Loaded 2 bean definitions from class path resource [bean-life.xml]
2023-02-08 at 17:59:12 CST DEBUG org.springframework.beans.factory.support.DefaultSingletonBeanRegistry 225 getSingleton - Creating shared instance of singleton bean 'myBeanProcessor'
2023-02-08 at 17:59:12 CST DEBUG org.springframework.context.support.AbstractApplicationContext 1029 doClose - Closing org.springframework.context.support.ClassPathXmlApplicationContext@1c3b9394, started on Wed Feb 08 17:59:11 CST 2023
2023-02-08 at 17:59:26 CST DEBUG org.springframework.context.support.AbstractApplicationContext 630 prepareRefresh - Refreshing org.springframework.context.support.ClassPathXmlApplicationContext@1c3b9394
2023-02-08 at 17:59:26 CST DEBUG org.springframework.beans.factory.xml.XmlBeanDefinitionReader 393 doLoadBeanDefinitions - Loaded 2 bean definitions from class path resource [bean-life.xml]
2023-02-08 at 17:59:26 CST DEBUG org.springframework.beans.factory.support.DefaultSingletonBeanRegistry 225 getSingleton - Creating shared instance of singleton bean 'myBeanProcessor'
2023-02-08 at 17:59:26 CST DEBUG org.springframework.context.support.AbstractApplicationContext 1029 doClose - Closing org.springframework.context.support.ClassPathXmlApplicationContext@1c3b9394, started on Wed Feb 08 17:59:26 CST 2023
2023-02-08 at 18:00:35 CST DEBUG org.springframework.context.support.AbstractApplicationContext 630 prepareRefresh - Refreshing org.springframework.context.support.ClassPathXmlApplicationContext@1c3b9394
2023-02-08 at 18:00:35 CST DEBUG org.springframework.beans.factory.xml.XmlBeanDefinitionReader 393 doLoadBeanDefinitions - Loaded 2 bean definitions from class path resource [bean-life.xml]
2023-02-08 at 18:00:35 CST DEBUG org.springframework.beans.factory.support.DefaultSingletonBeanRegistry 225 getSingleton - Creating shared instance of singleton bean 'myBeanProcessor'
2023-02-08 at 18:00:36 CST DEBUG org.springframework.context.support.AbstractApplicationContext 1029 doClose - Closing org.springframework.context.support.ClassPathXmlApplicationContext@1c3b9394, started on Wed Feb 08 18:00:35 CST 2023
2023-02-08 at 18:03:13 CST DEBUG org.springframework.context.support.AbstractApplicationContext 630 prepareRefresh - Refreshing org.springframework.context.support.ClassPathXmlApplicationContext@1c3b9394
2023-02-08 at 18:03:13 CST DEBUG org.springframework.beans.factory.xml.XmlBeanDefinitionReader 393 doLoadBeanDefinitions - Loaded 2 bean definitions from class path resource [bean-life.xml]
2023-02-08 at 18:03:13 CST DEBUG org.springframework.beans.factory.support.DefaultSingletonBeanRegistry 225 getSingleton - Creating shared instance of singleton bean 'myBeanProcessor'
2023-02-08 at 18:03:13 CST DEBUG org.springframework.context.support.AbstractApplicationContext 1029 doClose - Closing org.springframework.context.support.ClassPathXmlApplicationContext@1c3b9394, started on Wed Feb 08 18:03:13 CST 2023
2023-02-08 at 18:03:53 CST DEBUG org.springframework.context.support.AbstractApplicationContext 630 prepareRefresh - Refreshing org.springframework.context.support.ClassPathXmlApplicationContext@1c3b9394
2023-02-08 at 18:03:53 CST DEBUG org.springframework.beans.factory.xml.XmlBeanDefinitionReader 393 doLoadBeanDefinitions - Loaded 2 bean definitions from class path resource [bean-life.xml]
2023-02-08 at 18:03:53 CST DEBUG org.springframework.beans.factory.support.DefaultSingletonBeanRegistry 225 getSingleton - Creating shared instance of singleton bean 'myBeanProcessor'
2023-02-08 at 18:03:53 CST DEBUG org.springframework.context.support.AbstractApplicationContext 1029 doClose - Closing org.springframework.context.support.ClassPathXmlApplicationContext@1c3b9394, started on Wed Feb 08 18:03:53 CST 2023
2023-02-08 at 18:05:11 CST DEBUG org.springframework.context.support.AbstractApplicationContext 630 prepareRefresh - Refreshing org.springframework.context.support.ClassPathXmlApplicationContext@1c3b9394
2023-02-08 at 18:05:12 CST DEBUG org.springframework.beans.factory.xml.XmlBeanDefinitionReader 393 doLoadBeanDefinitions - Loaded 2 bean definitions from class path resource [bean-life.xml]
2023-02-08 at 18:05:12 CST DEBUG org.springframework.beans.factory.support.DefaultSingletonBeanRegistry 225 getSingleton - Creating shared instance of singleton bean 'myBeanProcessor'
2023-02-08 at 18:05:12 CST DEBUG org.springframework.context.support.AbstractApplicationContext 1029 doClose - Closing org.springframework.context.support.ClassPathXmlApplicationContext@1c3b9394, started on Wed Feb 08 18:05:11 CST 2023
2023-02-08 at 18:06:32 CST DEBUG org.springframework.context.support.AbstractApplicationContext 630 prepareRefresh - Refreshing org.springframework.context.support.ClassPathXmlApplicationContext@681a8b4e
2023-02-08 at 18:06:32 CST DEBUG org.springframework.beans.factory.xml.XmlBeanDefinitionReader 393 doLoadBeanDefinitions - Loaded 2 bean definitions from class path resource [bean-life.xml]
2023-02-08 at 18:06:32 CST DEBUG org.springframework.beans.factory.support.DefaultSingletonBeanRegistry 225 getSingleton - Creating shared instance of singleton bean 'myBeanProcessor'
2023-02-08 at 18:06:32 CST DEBUG org.springframework.context.support.AbstractApplicationContext 1029 doClose - Closing org.springframework.context.support.ClassPathXmlApplicationContext@681a8b4e, started on Wed Feb 08 18:06:32 CST 2023
2023-02-08 at 18:13:46 CST DEBUG org.springframework.context.support.AbstractApplicationContext 630 prepareRefresh - Refreshing org.springframework.context.support.ClassPathXmlApplicationContext@1c3b9394
2023-02-08 at 18:13:46 CST DEBUG org.springframework.beans.factory.xml.XmlBeanDefinitionReader 393 doLoadBeanDefinitions - Loaded 2 bean definitions from class path resource [bean-life.xml]
2023-02-08 at 18:13:46 CST DEBUG org.springframework.beans.factory.support.DefaultSingletonBeanRegistry 225 getSingleton - Creating shared instance of singleton bean 'myBeanProcessor'
2023-02-08 at 18:14:49 CST DEBUG org.springframework.context.support.AbstractApplicationContext 630 prepareRefresh - Refreshing org.springframework.context.support.ClassPathXmlApplicationContext@1c3b9394
2023-02-08 at 18:14:49 CST DEBUG org.springframework.beans.factory.xml.XmlBeanDefinitionReader 393 doLoadBeanDefinitions - Loaded 2 bean definitions from class path resource [bean-life.xml]
2023-02-08 at 18:14:49 CST DEBUG org.springframework.beans.factory.support.DefaultSingletonBeanRegistry 225 getSingleton - Creating shared instance of singleton bean 'myBeanProcessor'
2023-02-08 at 18:14:49 CST DEBUG org.springframework.context.support.AbstractApplicationContext 1029 doClose - Closing org.springframework.context.support.ClassPathXmlApplicationContext@1c3b9394, started on Wed Feb 08 18:14:49 CST 2023
2023-02-08 at 18:15:13 CST DEBUG org.springframework.context.support.AbstractApplicationContext 630 prepareRefresh - Refreshing org.springframework.context.support.ClassPathXmlApplicationContext@1c3b9394
2023-02-08 at 18:15:13 CST DEBUG org.springframework.beans.factory.xml.XmlBeanDefinitionReader 393 doLoadBeanDefinitions - Loaded 2 bean definitions from class path resource [bean-life.xml]
2023-02-08 at 18:15:13 CST DEBUG org.springframework.beans.factory.support.DefaultSingletonBeanRegistry 225 getSingleton - Creating shared instance of singleton bean 'myBeanProcessor'
2023-02-08 at 18:15:13 CST DEBUG org.springframework.context.support.AbstractApplicationContext 1029 doClose - Closing org.springframework.context.support.ClassPathXmlApplicationContext@1c3b9394, started on Wed Feb 08 18:15:13 CST 2023
2023-02-09 at 09:13:20 CST DEBUG org.springframework.context.support.AbstractApplicationContext 630 prepareRefresh - Refreshing org.springframework.context.support.ClassPathXmlApplicationContext@53142455
2023-02-09 at 09:13:20 CST DEBUG org.springframework.beans.factory.xml.XmlBeanDefinitionReader 393 doLoadBeanDefinitions - Loaded 2 bean definitions from class path resource [bean-life.xml]
2023-02-09 at 09:13:21 CST DEBUG org.springframework.beans.factory.support.DefaultSingletonBeanRegistry 225 getSingleton - Creating shared instance of singleton bean 'myBeanProcessor'
2023-02-09 at 09:13:21 CST DEBUG org.springframework.beans.factory.support.DefaultSingletonBeanRegistry 225 getSingleton - Creating shared instance of singleton bean 'user'
2023-02-09 at 09:13:21 CST DEBUG org.springframework.context.support.AbstractApplicationContext 1029 doClose - Closing org.springframework.context.support.ClassPathXmlApplicationContext@53142455, started on Thu Feb 09 09:13:20 CST 2023
2023-02-09 at 09:27:45 CST DEBUG org.springframework.context.support.AbstractApplicationContext 630 prepareRefresh - Refreshing org.springframework.context.support.ClassPathXmlApplicationContext@2dd29a59
2023-02-09 at 09:27:46 CST DEBUG org.springframework.beans.factory.xml.XmlBeanDefinitionReader 393 doLoadBeanDefinitions - Loaded 2 bean definitions from class path resource [bean-life.xml]
2023-02-09 at 09:27:46 CST DEBUG org.springframework.beans.factory.support.DefaultSingletonBeanRegistry 225 getSingleton - Creating shared instance of singleton bean 'myBeanProcessor'
2023-02-09 at 09:27:46 CST DEBUG org.springframework.beans.factory.support.DefaultSingletonBeanRegistry 225 getSingleton - Creating shared instance of singleton bean 'user'
2023-02-09 at 09:27:47 CST DEBUG org.springframework.context.support.AbstractApplicationContext 1029 doClose - Closing org.springframework.context.support.ClassPathXmlApplicationContext@2dd29a59, started on Thu Feb 09 09:27:45 CST 2023
2023-02-09 at 09:32:38 CST DEBUG org.springframework.context.support.AbstractApplicationContext 630 prepareRefresh - Refreshing org.springframework.context.support.ClassPathXmlApplicationContext@2dd29a59
2023-02-09 at 09:32:39 CST DEBUG org.springframework.beans.factory.xml.XmlBeanDefinitionReader 393 doLoadBeanDefinitions - Loaded 2 bean definitions from class path resource [bean-life.xml]
2023-02-09 at 09:32:39 CST DEBUG org.springframework.beans.factory.support.DefaultSingletonBeanRegistry 225 getSingleton - Creating shared instance of singleton bean 'myBeanProcessor'
2023-02-09 at 09:32:39 CST DEBUG org.springframework.beans.factory.support.DefaultSingletonBeanRegistry 225 getSingleton - Creating shared instance of singleton bean 'user'
2023-02-09 at 09:32:39 CST DEBUG org.springframework.context.support.AbstractApplicationContext 1029 doClose - Closing org.springframework.context.support.ClassPathXmlApplicationContext@2dd29a59, started on Thu Feb 09 09:32:38 CST 2023
2023-02-09 at 10:43:19 CST DEBUG org.springframework.context.support.AbstractApplicationContext 630 prepareRefresh - Refreshing org.springframework.context.support.ClassPathXmlApplicationContext@56e8b606
2023-02-09 at 10:43:19 CST DEBUG org.springframework.beans.factory.xml.XmlBeanDefinitionReader 393 doLoadBeanDefinitions - Loaded 1 bean definitions from class path resource [bean-factoryBean.xml]
2023-02-09 at 10:43:19 CST DEBUG org.springframework.beans.factory.support.DefaultSingletonBeanRegistry 225 getSingleton - Creating shared instance of singleton bean 'user'
